<?xml version="1.0" encoding="UTF-8"?>
<!-- Generated by org.testng.reporters.JUnitReportReporter -->
<testsuite hostname="DESKTOP-L3UIPK8" failures="0" tests="2" name="org.amazonexample.testcases.TestCaseSample" time="33.154" errors="0" timestamp="2020-03-26T03:03:16 IST" skipped="1">
  <testcase classname="org.amazonexample.testcases.TestCaseSample" name="test" time="33.154"/>
  <system-out/>
  <testcase classname="org.amazonexample.testcases.TestCaseSample" name="CartValidation">
    <skipped/>
  </testcase> <!-- CartValidation -->
  <system-out/>
</testsuite> <!-- org.amazonexample.testcases.TestCaseSample -->
